<?xml version="1.0" encoding="UTF-8"?>
<!-- Generated by org.testng.reporters.JUnitReportReporter -->
<testsuite hostname="LAPTOP-H9GQVMTB" failures="0" tests="2" name="com.educnsoln.runner.TestRunner" time="36.538" errors="0" timestamp="2022-08-14T20:23:57 IST" skipped="0">
  <testcase classname="com.educnsoln.runner.TestRunner" name="testcase" time="13.005"/>
  <system-out/>
  <testcase classname="com.educnsoln.runner.TestRunner" name="testcase" time="23.533"/>
  <system-out/>
</testsuite> <!-- com.educnsoln.runner.TestRunner -->
