<?xml version="1.0" encoding="UTF-8"?>
<!-- Generated by org.testng.reporters.JUnitReportReporter -->
<testsuite hostname="LAPTOP-H9GQVMTB" failures="0" tests="2" name="com.educnsoln.runner.TestRunner" time="38.108" errors="0" timestamp="2022-08-14T20:25:02 IST" skipped="0">
  <testcase classname="com.educnsoln.runner.TestRunner" name="testcase" time="21.063"/>
  <system-out/>
  <testcase classname="com.educnsoln.runner.TestRunner" name="testcase" time="17.045"/>
  <system-out/>
</testsuite> <!-- com.educnsoln.runner.TestRunner -->
